0 info it worked if it ends with ok
1 verbose cli [ '/home/oi404032/.nvm/versions/node/v6.12.2/bin/node',
1 verbose cli   '/home/oi404032/.nvm/versions/node/v6.12.2/bin/npm',
1 verbose cli   'start' ]
2 info using npm@3.10.10
3 info using node@v6.12.2
4 verbose run-script [ 'prestart', 'start', 'poststart' ]
5 info lifecycle 1-bare-minimum@1.0.0~prestart: 1-bare-minimum@1.0.0
6 silly lifecycle 1-bare-minimum@1.0.0~prestart: no script for prestart, continuing
7 info lifecycle 1-bare-minimum@1.0.0~start: 1-bare-minimum@1.0.0
8 verbose lifecycle 1-bare-minimum@1.0.0~start: unsafe-perm in lifecycle true
9 verbose lifecycle 1-bare-minimum@1.0.0~start: PATH: /home/oi404032/.nvm/versions/node/v6.12.2/lib/node_modules/npm/bin/node-gyp-bin:/home/oi404032/projects/react-minimal-setup/node_modules/.bin:/home/oi404032/.nvm/versions/node/v6.12.2/bin:/usr/local/bin:/usr/local/sbin:/usr/bin:/usr/sbin:/bin:/sbin:/home/oi404032/.local/bin:/home/oi404032/bin
10 verbose lifecycle 1-bare-minimum@1.0.0~start: CWD: /home/oi404032/projects/react-minimal-setup
11 silly lifecycle 1-bare-minimum@1.0.0~start: Args: [ '-c', 'webpack-dev-server --config ./webpack.config.dev.js' ]
12 silly lifecycle 1-bare-minimum@1.0.0~start: Returned: code: 1  signal: null
13 info lifecycle 1-bare-minimum@1.0.0~start: Failed to exec start script
14 verbose stack Error: 1-bare-minimum@1.0.0 start: `webpack-dev-server --config ./webpack.config.dev.js`
14 verbose stack Exit status 1
14 verbose stack     at EventEmitter.<anonymous> (/home/oi404032/.nvm/versions/node/v6.12.2/lib/node_modules/npm/lib/utils/lifecycle.js:255:16)
14 verbose stack     at emitTwo (events.js:106:13)
14 verbose stack     at EventEmitter.emit (events.js:191:7)
14 verbose stack     at ChildProcess.<anonymous> (/home/oi404032/.nvm/versions/node/v6.12.2/lib/node_modules/npm/lib/utils/spawn.js:40:14)
14 verbose stack     at emitTwo (events.js:106:13)
14 verbose stack     at ChildProcess.emit (events.js:191:7)
14 verbose stack     at maybeClose (internal/child_process.js:920:16)
14 verbose stack     at Process.ChildProcess._handle.onexit (internal/child_process.js:230:5)
15 verbose pkgid 1-bare-minimum@1.0.0
16 verbose cwd /home/oi404032/projects/react-minimal-setup
17 error Linux 3.10.0-693.11.6.el7.x86_64
18 error argv "/home/oi404032/.nvm/versions/node/v6.12.2/bin/node" "/home/oi404032/.nvm/versions/node/v6.12.2/bin/npm" "start"
19 error node v6.12.2
20 error npm  v3.10.10
21 error code ELIFECYCLE
22 error 1-bare-minimum@1.0.0 start: `webpack-dev-server --config ./webpack.config.dev.js`
22 error Exit status 1
23 error Failed at the 1-bare-minimum@1.0.0 start script 'webpack-dev-server --config ./webpack.config.dev.js'.
23 error Make sure you have the latest version of node.js and npm installed.
23 error If you do, this is most likely a problem with the 1-bare-minimum package,
23 error not with npm itself.
23 error Tell the author that this fails on your system:
23 error     webpack-dev-server --config ./webpack.config.dev.js
23 error You can get information on how to open an issue for this project with:
23 error     npm bugs 1-bare-minimum
23 error Or if that isn't available, you can get their info via:
23 error     npm owner ls 1-bare-minimum
23 error There is likely additional logging output above.
24 verbose exit [ 1, true ]
